<?xml version="1.0" encoding="UTF-8"?>
<testsuite name="com.wave.service.MemberServiceTest" tests="2" skipped="0" failures="0" errors="0" timestamp="2023-07-11T20:43:40" hostname="DESKTOP-7IMHJ15" time="2.076">
  <properties/>
  <testcase name="saveMemberTest" classname="com.wave.service.MemberServiceTest" time="1.631"/>
  <testcase name="saveDuplicateMemberTest" classname="com.wave.service.MemberServiceTest" time="0.442"/>
  <system-out><![CDATA[05:43:17.917 [Test worker] DEBUG org.springframework.test.annotation.ProfileValueUtils - Retrieved @ProfileValueSourceConfiguration [null] for test class [com.wave.service.MemberServiceTest]
05:43:17.918 [Test worker] DEBUG org.springframework.test.annotation.ProfileValueUtils - Retrieved ProfileValueSource type [class org.springframework.test.annotation.SystemProfileValueSource] for class [com.wave.service.MemberServiceTest]
05:43:17.920 [Test worker] DEBUG org.springframework.test.annotation.ProfileValueUtils - Retrieved @ProfileValueSourceConfiguration [null] for test class [com.wave.service.MemberServiceTest]
05:43:17.920 [Test worker] DEBUG org.springframework.test.annotation.ProfileValueUtils - Retrieved ProfileValueSource type [class org.springframework.test.annotation.SystemProfileValueSource] for class [com.wave.service.MemberServiceTest]
05:43:17.944 [Test worker] DEBUG org.springframework.test.context.support.AbstractDirtiesContextTestExecutionListener - Before test class: context [DefaultTestContext@1bf0f6f6 testClass = MemberServiceTest, testInstance = [null], testMethod = [null], testException = [null], mergedContextConfiguration = [WebMergedContextConfiguration@56bc3fac testClass = MemberServiceTest, locations = '{}', classes = '{class com.wave.Application}', contextInitializerClasses = '[]', activeProfiles = '{}', propertySourceLocations = '{}', propertySourceProperties = '{org.springframework.boot.test.context.SpringBootTestContextBootstrapper=true}', contextCustomizers = set[org.springframework.boot.test.autoconfigure.actuate.metrics.MetricsExportContextCustomizerFactory$DisableMetricExportContextCustomizer@395b56bb, org.springframework.boot.test.autoconfigure.properties.PropertyMappingContextCustomizer@0, org.springframework.boot.test.autoconfigure.web.servlet.WebDriverContextCustomizerFactory$Customizer@1506f20f, org.springframework.boot.test.context.filter.ExcludeFilterContextCustomizer@5286c33a, org.springframework.boot.test.json.DuplicateJsonObjectContextCustomizerFactory$DuplicateJsonObjectContextCustomizer@c5ee75e, org.springframework.boot.test.mock.mockito.MockitoContextCustomizer@0, org.springframework.boot.test.web.client.TestRestTemplateContextCustomizer@42f33b5d, org.springframework.boot.test.context.SpringBootTestArgs@1, org.springframework.boot.test.context.SpringBootTestWebEnvironment@7b84fcf8], resourceBasePath = 'src/main/webapp', contextLoader = 'org.springframework.boot.test.context.SpringBootContextLoader', parent = [null]], attributes = map['org.springframework.test.context.web.ServletTestExecutionListener.activateListener' -> true]], class annotated with @DirtiesContext [false] with mode [null].
05:43:17.949 [Test worker] DEBUG org.springframework.test.annotation.ProfileValueUtils - Retrieved @ProfileValueSourceConfiguration [null] for test class [com.wave.service.MemberServiceTest]
05:43:17.949 [Test worker] DEBUG org.springframework.test.annotation.ProfileValueUtils - Retrieved ProfileValueSource type [class org.springframework.test.annotation.SystemProfileValueSource] for class [com.wave.service.MemberServiceTest]

  .   ____          _            __ _ _
 /\\ / ___'_ __ _ _(_)_ __  __ _ \ \ \ \
( ( )\___ | '_ | '_| | '_ \/ _` | \ \ \ \
 \\/  ___)| |_)| | | | | || (_| |  ) ) ) )
  '  |____| .__|_| |_|_| |_\__, | / / / /
 =========|_|==============|___/=/_/_/_/
 :: Spring Boot ::                (v2.7.6)

2023-07-12 05:43:19.841  INFO 21116 --- [    Test worker] com.wave.service.MemberServiceTest       : Starting MemberServiceTest using Java 11.0.16.1 on DESKTOP-7IMHJ15 with PID 21116 (started by 한지나 in C:\Users\한지나\Desktop\study_B\실습\wave)
2023-07-12 05:43:19.846  INFO 21116 --- [    Test worker] com.wave.service.MemberServiceTest       : No active profile set, falling back to 1 default profile: "default"
2023-07-12 05:43:24.098  INFO 21116 --- [    Test worker] .s.d.r.c.RepositoryConfigurationDelegate : Bootstrapping Spring Data JPA repositories in DEFAULT mode.
2023-07-12 05:43:24.418  INFO 21116 --- [    Test worker] .s.d.r.c.RepositoryConfigurationDelegate : Finished Spring Data repository scanning in 273 ms. Found 1 JPA repository interfaces.
2023-07-12 05:43:26.946  INFO 21116 --- [    Test worker] com.zaxxer.hikari.HikariDataSource       : HikariPool-1 - Starting...
2023-07-12 05:43:27.853  INFO 21116 --- [    Test worker] com.zaxxer.hikari.HikariDataSource       : HikariPool-1 - Start completed.
2023-07-12 05:43:28.254  INFO 21116 --- [    Test worker] o.hibernate.jpa.internal.util.LogHelper  : HHH000204: Processing PersistenceUnitInfo [name: default]
2023-07-12 05:43:28.544  INFO 21116 --- [    Test worker] org.hibernate.Version                    : HHH000412: Hibernate ORM core version 5.6.14.Final
2023-07-12 05:43:29.381  INFO 21116 --- [    Test worker] o.hibernate.annotations.common.Version   : HCANN000001: Hibernate Commons Annotations {5.1.2.Final}
2023-07-12 05:43:29.602 DEBUG 21116 --- [    Test worker] org.hibernate.type.BasicTypeRegistry     : Adding type registration boolean -> org.hibernate.type.BooleanType@32b46831
2023-07-12 05:43:29.604 DEBUG 21116 --- [    Test worker] org.hibernate.type.BasicTypeRegistry     : Adding type registration boolean -> org.hibernate.type.BooleanType@32b46831
2023-07-12 05:43:29.608 DEBUG 21116 --- [    Test worker] org.hibernate.type.BasicTypeRegistry     : Adding type registration java.lang.Boolean -> org.hibernate.type.BooleanType@32b46831
2023-07-12 05:43:29.613 DEBUG 21116 --- [    Test worker] org.hibernate.type.BasicTypeRegistry     : Adding type registration numeric_boolean -> org.hibernate.type.NumericBooleanType@84f51d9
2023-07-12 05:43:29.616 DEBUG 21116 --- [    Test worker] org.hibernate.type.BasicTypeRegistry     : Adding type registration true_false -> org.hibernate.type.TrueFalseType@395a573c
2023-07-12 05:43:29.617 DEBUG 21116 --- [    Test worker] org.hibernate.type.BasicTypeRegistry     : Adding type registration yes_no -> org.hibernate.type.YesNoType@166ce247
2023-07-12 05:43:29.626 DEBUG 21116 --- [    Test worker] org.hibernate.type.BasicTypeRegistry     : Adding type registration byte -> org.hibernate.type.ByteType@cd5ff55
2023-07-12 05:43:29.631 DEBUG 21116 --- [    Test worker] org.hibernate.type.BasicTypeRegistry     : Adding type registration byte -> org.hibernate.type.ByteType@cd5ff55
2023-07-12 05:43:29.632 DEBUG 21116 --- [    Test worker] org.hibernate.type.BasicTypeRegistry     : Adding type registration java.lang.Byte -> org.hibernate.type.ByteType@cd5ff55
2023-07-12 05:43:29.637 DEBUG 21116 --- [    Test worker] org.hibernate.type.BasicTypeRegistry     : Adding type registration character -> org.hibernate.type.CharacterType@5817f1ca
2023-07-12 05:43:29.642 DEBUG 21116 --- [    Test worker] org.hibernate.type.BasicTypeRegistry     : Adding type registration char -> org.hibernate.type.CharacterType@5817f1ca
2023-07-12 05:43:29.643 DEBUG 21116 --- [    Test worker] org.hibernate.type.BasicTypeRegistry     : Adding type registration java.lang.Character -> org.hibernate.type.CharacterType@5817f1ca
2023-07-12 05:43:29.657 DEBUG 21116 --- [    Test worker] org.hibernate.type.BasicTypeRegistry     : Adding type registration short -> org.hibernate.type.ShortType@19faedcc
2023-07-12 05:43:29.658 DEBUG 21116 --- [    Test worker] org.hibernate.type.BasicTypeRegistry     : Adding type registration short -> org.hibernate.type.ShortType@19faedcc
2023-07-12 05:43:29.659 DEBUG 21116 --- [    Test worker] org.hibernate.type.BasicTypeRegistry     : Adding type registration java.lang.Short -> org.hibernate.type.ShortType@19faedcc
2023-07-12 05:43:29.667 DEBUG 21116 --- [    Test worker] org.hibernate.type.BasicTypeRegistry     : Adding type registration integer -> org.hibernate.type.IntegerType@ec5f944
2023-07-12 05:43:29.702 DEBUG 21116 --- [    Test worker] org.hibernate.type.BasicTypeRegistry     : Adding type registration int -> org.hibernate.type.IntegerType@ec5f944
2023-07-12 05:43:29.704 DEBUG 21116 --- [    Test worker] org.hibernate.type.BasicTypeRegistry     : Adding type registration java.lang.Integer -> org.hibernate.type.IntegerType@ec5f944
2023-07-12 05:43:29.714 DEBUG 21116 --- [    Test worker] org.hibernate.type.BasicTypeRegistry     : Adding type registration long -> org.hibernate.type.LongType@2f1f9515
2023-07-12 05:43:29.715 DEBUG 21116 --- [    Test worker] org.hibernate.type.BasicTypeRegistry     : Adding type registration long -> org.hibernate.type.LongType@2f1f9515
2023-07-12 05:43:29.716 DEBUG 21116 --- [    Test worker] org.hibernate.type.BasicTypeRegistry     : Adding type registration java.lang.Long -> org.hibernate.type.LongType@2f1f9515
2023-07-12 05:43:29.725 DEBUG 21116 --- [    Test worker] org.hibernate.type.BasicTypeRegistry     : Adding type registration float -> org.hibernate.type.FloatType@5b3518e1
2023-07-12 05:43:29.727 DEBUG 21116 --- [    Test worker] org.hibernate.type.BasicTypeRegistry     : Adding type registration float -> org.hibernate.type.FloatType@5b3518e1
2023-07-12 05:43:29.727 DEBUG 21116 --- [    Test worker] org.hibernate.type.BasicTypeRegistry     : Adding type registration java.lang.Float -> org.hibernate.type.FloatType@5b3518e1
2023-07-12 05:43:29.732 DEBUG 21116 --- [    Test worker] org.hibernate.type.BasicTypeRegistry     : Adding type registration double -> org.hibernate.type.DoubleType@75ed7512
2023-07-12 05:43:29.732 DEBUG 21116 --- [    Test worker] org.hibernate.type.BasicTypeRegistry     : Adding type registration double -> org.hibernate.type.DoubleType@75ed7512
2023-07-12 05:43:29.732 DEBUG 21116 --- [    Test worker] org.hibernate.type.BasicTypeRegistry     : Adding type registration java.lang.Double -> org.hibernate.type.DoubleType@75ed7512
2023-07-12 05:43:29.741 DEBUG 21116 --- [    Test worker] org.hibernate.type.BasicTypeRegistry     : Adding type registration big_decimal -> org.hibernate.type.BigDecimalType@7ab33ca8
2023-07-12 05:43:29.741 DEBUG 21116 --- [    Test worker] org.hibernate.type.BasicTypeRegistry     : Adding type registration java.math.BigDecimal -> org.hibernate.type.BigDecimalType@7ab33ca8
2023-07-12 05:43:29.745 DEBUG 21116 --- [    Test worker] org.hibernate.type.BasicTypeRegistry     : Adding type registration big_integer -> org.hibernate.type.BigIntegerType@709d86a2
2023-07-12 05:43:29.746 DEBUG 21116 --- [    Test worker] org.hibernate.type.BasicTypeRegistry     : Adding type registration java.math.BigInteger -> org.hibernate.type.BigIntegerType@709d86a2
2023-07-12 05:43:29.794 DEBUG 21116 --- [    Test worker] org.hibernate.type.BasicTypeRegistry     : Adding type registration string -> org.hibernate.type.StringType@3e8b8f0
2023-07-12 05:43:29.798 DEBUG 21116 --- [    Test worker] org.hibernate.type.BasicTypeRegistry     : Adding type registration java.lang.String -> org.hibernate.type.StringType@3e8b8f0
2023-07-12 05:43:29.803 DEBUG 21116 --- [    Test worker] org.hibernate.type.BasicTypeRegistry     : Adding type registration nstring -> org.hibernate.type.StringNVarcharType@c318864
2023-07-12 05:43:29.813 DEBUG 21116 --- [    Test worker] org.hibernate.type.BasicTypeRegistry     : Adding type registration ncharacter -> org.hibernate.type.CharacterNCharType@4beae1e3
2023-07-12 05:43:29.822 DEBUG 21116 --- [    Test worker] org.hibernate.type.BasicTypeRegistry     : Adding type registration url -> org.hibernate.type.UrlType@5408d4b3
2023-07-12 05:43:29.824 DEBUG 21116 --- [    Test worker] org.hibernate.type.BasicTypeRegistry     : Adding type registration java.net.URL -> org.hibernate.type.UrlType@5408d4b3
2023-07-12 05:43:29.840 DEBUG 21116 --- [    Test worker] org.hibernate.type.BasicTypeRegistry     : Adding type registration Duration -> org.hibernate.type.DurationType@1a4083f6
2023-07-12 05:43:29.844 DEBUG 21116 --- [    Test worker] org.hibernate.type.BasicTypeRegistry     : Adding type registration java.time.Duration -> org.hibernate.type.DurationType@1a4083f6
2023-07-12 05:43:29.853 DEBUG 21116 --- [    Test worker] org.hibernate.type.BasicTypeRegistry     : Adding type registration Instant -> org.hibernate.type.InstantType@bd273b2
2023-07-12 05:43:29.879 DEBUG 21116 --- [    Test worker] org.hibernate.type.BasicTypeRegistry     : Adding type registration java.time.Instant -> org.hibernate.type.InstantType@bd273b2
2023-07-12 05:43:29.890 DEBUG 21116 --- [    Test worker] org.hibernate.type.BasicTypeRegistry     : Adding type registration LocalDateTime -> org.hibernate.type.LocalDateTimeType@6f24ce45
2023-07-12 05:43:29.891 DEBUG 21116 --- [    Test worker] org.hibernate.type.BasicTypeRegistry     : Adding type registration java.time.LocalDateTime -> org.hibernate.type.LocalDateTimeType@6f24ce45
2023-07-12 05:43:29.899 DEBUG 21116 --- [    Test worker] org.hibernate.type.BasicTypeRegistry     : Adding type registration LocalDate -> org.hibernate.type.LocalDateType@78545d40
2023-07-12 05:43:29.900 DEBUG 21116 --- [    Test worker] org.hibernate.type.BasicTypeRegistry     : Adding type registration java.time.LocalDate -> org.hibernate.type.LocalDateType@78545d40
2023-07-12 05:43:29.910 DEBUG 21116 --- [    Test worker] org.hibernate.type.BasicTypeRegistry     : Adding type registration LocalTime -> org.hibernate.type.LocalTimeType@32b112a1
2023-07-12 05:43:29.910 DEBUG 21116 --- [    Test worker] org.hibernate.type.BasicTypeRegistry     : Adding type registration java.time.LocalTime -> org.hibernate.type.LocalTimeType@32b112a1
2023-07-12 05:43:29.918 DEBUG 21116 --- [    Test worker] org.hibernate.type.BasicTypeRegistry     : Adding type registration OffsetDateTime -> org.hibernate.type.OffsetDateTimeType@41582899
2023-07-12 05:43:29.919 DEBUG 21116 --- [    Test worker] org.hibernate.type.BasicTypeRegistry     : Adding type registration java.time.OffsetDateTime -> org.hibernate.type.OffsetDateTimeType@41582899
2023-07-12 05:43:29.924 DEBUG 21116 --- [    Test worker] org.hibernate.type.BasicTypeRegistry     : Adding type registration OffsetTime -> org.hibernate.type.OffsetTimeType@696174d3
2023-07-12 05:43:29.924 DEBUG 21116 --- [    Test worker] org.hibernate.type.BasicTypeRegistry     : Adding type registration java.time.OffsetTime -> org.hibernate.type.OffsetTimeType@696174d3
2023-07-12 05:43:29.932 DEBUG 21116 --- [    Test worker] org.hibernate.type.BasicTypeRegistry     : Adding type registration ZonedDateTime -> org.hibernate.type.ZonedDateTimeType@156cfa20
2023-07-12 05:43:29.933 DEBUG 21116 --- [    Test worker] org.hibernate.type.BasicTypeRegistry     : Adding type registration java.time.ZonedDateTime -> org.hibernate.type.ZonedDateTimeType@156cfa20
2023-07-12 05:43:29.939 DEBUG 21116 --- [    Test worker] org.hibernate.type.BasicTypeRegistry     : Adding type registration date -> org.hibernate.type.DateType@21f50d2c
2023-07-12 05:43:29.939 DEBUG 21116 --- [    Test worker] org.hibernate.type.BasicTypeRegistry     : Adding type registration java.sql.Date -> org.hibernate.type.DateType@21f50d2c
2023-07-12 05:43:29.945 DEBUG 21116 --- [    Test worker] org.hibernate.type.BasicTypeRegistry     : Adding type registration time -> org.hibernate.type.TimeType@65e620b0
2023-07-12 05:43:29.945 DEBUG 21116 --- [    Test worker] org.hibernate.type.BasicTypeRegistry     : Adding type registration java.sql.Time -> org.hibernate.type.TimeType@65e620b0
2023-07-12 05:43:29.953 DEBUG 21116 --- [    Test worker] org.hibernate.type.BasicTypeRegistry     : Adding type registration timestamp -> org.hibernate.type.TimestampType@606d6d2c
2023-07-12 05:43:29.953 DEBUG 21116 --- [    Test worker] org.hibernate.type.BasicTypeRegistry     : Adding type registration java.sql.Timestamp -> org.hibernate.type.TimestampType@606d6d2c
2023-07-12 05:43:29.954 DEBUG 21116 --- [    Test worker] org.hibernate.type.BasicTypeRegistry     : Adding type registration java.util.Date -> org.hibernate.type.TimestampType@606d6d2c
2023-07-12 05:43:29.964 DEBUG 21116 --- [    Test worker] org.hibernate.type.BasicTypeRegistry     : Adding type registration dbtimestamp -> org.hibernate.type.DbTimestampType@21b744ec
2023-07-12 05:43:29.968 DEBUG 21116 --- [    Test worker] org.hibernate.type.BasicTypeRegistry     : Adding type registration calendar -> org.hibernate.type.CalendarType@144ee8a7
2023-07-12 05:43:29.968 DEBUG 21116 --- [    Test worker] org.hibernate.type.BasicTypeRegistry     : Adding type registration java.util.Calendar -> org.hibernate.type.CalendarType@144ee8a7
2023-07-12 05:43:29.970 DEBUG 21116 --- [    Test worker] org.hibernate.type.BasicTypeRegistry     : Adding type registration java.util.GregorianCalendar -> org.hibernate.type.CalendarType@144ee8a7
2023-07-12 05:43:29.974 DEBUG 21116 --- [    Test worker] org.hibernate.type.BasicTypeRegistry     : Adding type registration calendar_date -> org.hibernate.type.CalendarDateType@15f2a43f
2023-07-12 05:43:29.979 DEBUG 21116 --- [    Test worker] org.hibernate.type.BasicTypeRegistry     : Adding type registration calendar_time -> org.hibernate.type.CalendarTimeType@57bdceaa
2023-07-12 05:43:29.992 DEBUG 21116 --- [    Test worker] org.hibernate.type.BasicTypeRegistry     : Adding type registration locale -> org.hibernate.type.LocaleType@d120d7c
2023-07-12 05:43:30.000 DEBUG 21116 --- [    Test worker] org.hibernate.type.BasicTypeRegistry     : Adding type registration java.util.Locale -> org.hibernate.type.LocaleType@d120d7c
2023-07-12 05:43:30.006 DEBUG 21116 --- [    Test worker] org.hibernate.type.BasicTypeRegistry     : Adding type registration currency -> org.hibernate.type.CurrencyType@30d15e4a
2023-07-12 05:43:30.007 DEBUG 21116 --- [    Test worker] org.hibernate.type.BasicTypeRegistry     : Adding type registration java.util.Currency -> org.hibernate.type.CurrencyType@30d15e4a
2023-07-12 05:43:30.010 DEBUG 21116 --- [    Test worker] org.hibernate.type.BasicTypeRegistry     : Adding type registration timezone -> org.hibernate.type.TimeZoneType@243c4346
2023-07-12 05:43:30.011 DEBUG 21116 --- [    Test worker] org.hibernate.type.BasicTypeRegistry     : Adding type registration java.util.TimeZone -> org.hibernate.type.TimeZoneType@243c4346
2023-07-12 05:43:30.015 DEBUG 21116 --- [    Test worker] org.hibernate.type.BasicTypeRegistry     : Adding type registration class -> org.hibernate.type.ClassType@4be12f6c
2023-07-12 05:43:30.016 DEBUG 21116 --- [    Test worker] org.hibernate.type.BasicTypeRegistry     : Adding type registration java.lang.Class -> org.hibernate.type.ClassType@4be12f6c
2023-07-12 05:43:30.021 DEBUG 21116 --- [    Test worker] org.hibernate.type.BasicTypeRegistry     : Adding type registration uuid-binary -> org.hibernate.type.UUIDBinaryType@1fee4278
2023-07-12 05:43:30.022 DEBUG 21116 --- [    Test worker] org.hibernate.type.BasicTypeRegistry     : Adding type registration java.util.UUID -> org.hibernate.type.UUIDBinaryType@1fee4278
2023-07-12 05:43:30.025 DEBUG 21116 --- [    Test worker] org.hibernate.type.BasicTypeRegistry     : Adding type registration uuid-char -> org.hibernate.type.UUIDCharType@3193e21d
2023-07-12 05:43:30.036 DEBUG 21116 --- [    Test worker] org.hibernate.type.BasicTypeRegistry     : Adding type registration binary -> org.hibernate.type.BinaryType@44eb2452
2023-07-12 05:43:30.038 DEBUG 21116 --- [    Test worker] org.hibernate.type.BasicTypeRegistry     : Adding type registration byte[] -> org.hibernate.type.BinaryType@44eb2452
2023-07-12 05:43:30.039 DEBUG 21116 --- [    Test worker] org.hibernate.type.BasicTypeRegistry     : Adding type registration [B -> org.hibernate.type.BinaryType@44eb2452
2023-07-12 05:43:30.044 DEBUG 21116 --- [    Test worker] org.hibernate.type.BasicTypeRegistry     : Adding type registration wrapper-binary -> org.hibernate.type.WrapperBinaryType@273aaab7
2023-07-12 05:43:30.044 DEBUG 21116 --- [    Test worker] org.hibernate.type.BasicTypeRegistry     : Adding type registration Byte[] -> org.hibernate.type.WrapperBinaryType@273aaab7
2023-07-12 05:43:30.044 DEBUG 21116 --- [    Test worker] org.hibernate.type.BasicTypeRegistry     : Adding type registration [Ljava.lang.Byte; -> org.hibernate.type.WrapperBinaryType@273aaab7
2023-07-12 05:43:30.072 DEBUG 21116 --- [    Test worker] org.hibernate.type.BasicTypeRegistry     : Adding type registration row_version -> org.hibernate.type.RowVersionType@184de357
2023-07-12 05:43:30.075 DEBUG 21116 --- [    Test worker] org.hibernate.type.BasicTypeRegistry     : Adding type registration image -> org.hibernate.type.ImageType@247bbfba
2023-07-12 05:43:30.080 DEBUG 21116 --- [    Test worker] org.hibernate.type.BasicTypeRegistry     : Adding type registration characters -> org.hibernate.type.CharArrayType@1573e8a5
2023-07-12 05:43:30.080 DEBUG 21116 --- [    Test worker] org.hibernate.type.BasicTypeRegistry     : Adding type registration char[] -> org.hibernate.type.CharArrayType@1573e8a5
2023-07-12 05:43:30.081 DEBUG 21116 --- [    Test worker] org.hibernate.type.BasicTypeRegistry     : Adding type registration [C -> org.hibernate.type.CharArrayType@1573e8a5
2023-07-12 05:43:30.088 DEBUG 21116 --- [    Test worker] org.hibernate.type.BasicTypeRegistry     : Adding type registration wrapper-characters -> org.hibernate.type.CharacterArrayType@7ec13984
2023-07-12 05:43:30.091 DEBUG 21116 --- [    Test worker] org.hibernate.type.BasicTypeRegistry     : Adding type registration [Ljava.lang.Character; -> org.hibernate.type.CharacterArrayType@7ec13984
2023-07-12 05:43:30.092 DEBUG 21116 --- [    Test worker] org.hibernate.type.BasicTypeRegistry     : Adding type registration Character[] -> org.hibernate.type.CharacterArrayType@7ec13984
2023-07-12 05:43:30.095 DEBUG 21116 --- [    Test worker] org.hibernate.type.BasicTypeRegistry     : Adding type registration text -> org.hibernate.type.TextType@70f4abc1
2023-07-12 05:43:30.097 DEBUG 21116 --- [    Test worker] org.hibernate.type.BasicTypeRegistry     : Adding type registration ntext -> org.hibernate.type.NTextType@2dd3d39d
2023-07-12 05:43:30.104 DEBUG 21116 --- [    Test worker] org.hibernate.type.BasicTypeRegistry     : Adding type registration blob -> org.hibernate.type.BlobType@3ef0e576
2023-07-12 05:43:30.106 DEBUG 21116 --- [    Test worker] org.hibernate.type.BasicTypeRegistry     : Adding type registration java.sql.Blob -> org.hibernate.type.BlobType@3ef0e576
2023-07-12 05:43:30.121 DEBUG 21116 --- [    Test worker] org.hibernate.type.BasicTypeRegistry     : Adding type registration materialized_blob -> org.hibernate.type.MaterializedBlobType@3b5da0b0
2023-07-12 05:43:30.129 DEBUG 21116 --- [    Test worker] org.hibernate.type.BasicTypeRegistry     : Adding type registration clob -> org.hibernate.type.ClobType@2a120c88
2023-07-12 05:43:30.129 DEBUG 21116 --- [    Test worker] org.hibernate.type.BasicTypeRegistry     : Adding type registration java.sql.Clob -> org.hibernate.type.ClobType@2a120c88
2023-07-12 05:43:30.136 DEBUG 21116 --- [    Test worker] org.hibernate.type.BasicTypeRegistry     : Adding type registration nclob -> org.hibernate.type.NClobType@1410d645
2023-07-12 05:43:30.141 DEBUG 21116 --- [    Test worker] org.hibernate.type.BasicTypeRegistry     : Adding type registration java.sql.NClob -> org.hibernate.type.NClobType@1410d645
2023-07-12 05:43:30.143 DEBUG 21116 --- [    Test worker] org.hibernate.type.BasicTypeRegistry     : Adding type registration materialized_clob -> org.hibernate.type.MaterializedClobType@13908f9c
2023-07-12 05:43:30.146 DEBUG 21116 --- [    Test worker] org.hibernate.type.BasicTypeRegistry     : Adding type registration materialized_nclob -> org.hibernate.type.MaterializedNClobType@74ce7fdf
2023-07-12 05:43:30.154 DEBUG 21116 --- [    Test worker] org.hibernate.type.BasicTypeRegistry     : Adding type registration serializable -> org.hibernate.type.SerializableType@47c96f2c
2023-07-12 05:43:30.182 DEBUG 21116 --- [    Test worker] org.hibernate.type.BasicTypeRegistry     : Adding type registration object -> org.hibernate.type.ObjectType@6785c9fa
2023-07-12 05:43:30.186 DEBUG 21116 --- [    Test worker] org.hibernate.type.BasicTypeRegistry     : Adding type registration java.lang.Object -> org.hibernate.type.ObjectType@6785c9fa
2023-07-12 05:43:30.194 DEBUG 21116 --- [    Test worker] org.hibernate.type.BasicTypeRegistry     : Adding type registration imm_date -> org.hibernate.type.AdaptedImmutableType@4dd1548e
2023-07-12 05:43:30.197 DEBUG 21116 --- [    Test worker] org.hibernate.type.BasicTypeRegistry     : Adding type registration imm_time -> org.hibernate.type.AdaptedImmutableType@54bb1194
2023-07-12 05:43:30.197 DEBUG 21116 --- [    Test worker] org.hibernate.type.BasicTypeRegistry     : Adding type registration imm_timestamp -> org.hibernate.type.AdaptedImmutableType@1109730f
2023-07-12 05:43:30.198 DEBUG 21116 --- [    Test worker] org.hibernate.type.BasicTypeRegistry     : Adding type registration imm_dbtimestamp -> org.hibernate.type.AdaptedImmutableType@1f42366
2023-07-12 05:43:30.198 DEBUG 21116 --- [    Test worker] org.hibernate.type.BasicTypeRegistry     : Adding type registration imm_calendar -> org.hibernate.type.AdaptedImmutableType@46c662f2
2023-07-12 05:43:30.199 DEBUG 21116 --- [    Test worker] org.hibernate.type.BasicTypeRegistry     : Adding type registration imm_calendar_date -> org.hibernate.type.AdaptedImmutableType@4afdfc0f
2023-07-12 05:43:30.199 DEBUG 21116 --- [    Test worker] org.hibernate.type.BasicTypeRegistry     : Adding type registration imm_binary -> org.hibernate.type.AdaptedImmutableType@10b67f54
2023-07-12 05:43:30.199 DEBUG 21116 --- [    Test worker] org.hibernate.type.BasicTypeRegistry     : Adding type registration imm_serializable -> org.hibernate.type.AdaptedImmutableType@30798137
2023-07-12 05:43:30.670  INFO 21116 --- [    Test worker] org.hibernate.dialect.Dialect            : HHH000400: Using dialect: org.hibernate.dialect.H2Dialect
2023-07-12 05:43:30.853 DEBUG 21116 --- [    Test worker] o.h.type.spi.TypeConfiguration$Scope     : Scoping TypeConfiguration [org.hibernate.type.spi.TypeConfiguration@54daf8f9] to MetadataBuildingContext [org.hibernate.boot.internal.MetadataBuildingContextRootImpl@7d4d65f5]
2023-07-12 05:43:32.030 DEBUG 21116 --- [    Test worker] o.h.type.spi.TypeConfiguration$Scope     : Scoping TypeConfiguration [org.hibernate.type.spi.TypeConfiguration@54daf8f9] to SessionFactoryImpl [org.hibernate.internal.SessionFactoryImpl@7323dce7]
2023-07-12 05:43:33.250 DEBUG 21116 --- [    Test worker] org.hibernate.SQL                        : drop table if exists member CASCADE 
2023-07-12 05:43:33.255 DEBUG 21116 --- [    Test worker] org.hibernate.SQL                        : drop sequence if exists hibernate_sequence
2023-07-12 05:43:33.263 DEBUG 21116 --- [    Test worker] org.hibernate.SQL                        : create sequence hibernate_sequence start with 1 increment by 1
2023-07-12 05:43:33.271 DEBUG 21116 --- [    Test worker] org.hibernate.SQL                        : create table member (member_id bigint not null, created_date timestamp, modified_date timestamp, email varchar(255), name varchar(255), nick_name varchar(255), password varchar(255), primary key (member_id))
2023-07-12 05:43:33.285 DEBUG 21116 --- [    Test worker] org.hibernate.SQL                        : alter table member add constraint UK_mbmcqelty0fbrvxp1q58dn57t unique (email)
2023-07-12 05:43:33.300  INFO 21116 --- [    Test worker] o.h.e.t.j.p.i.JtaPlatformInitiator       : HHH000490: Using JtaPlatform implementation: [org.hibernate.engine.transaction.jta.platform.internal.NoJtaPlatform]
2023-07-12 05:43:33.325 TRACE 21116 --- [    Test worker] o.h.type.spi.TypeConfiguration$Scope     : Handling #sessionFactoryCreated from [org.hibernate.internal.SessionFactoryImpl@7323dce7] for TypeConfiguration
2023-07-12 05:43:33.330  INFO 21116 --- [    Test worker] j.LocalContainerEntityManagerFactoryBean : Initialized JPA EntityManagerFactory for persistence unit 'default'
2023-07-12 05:43:36.473  INFO 21116 --- [    Test worker] o.s.s.web.DefaultSecurityFilterChain     : Will secure any request with [org.springframework.security.web.session.DisableEncodeUrlFilter@7b364f47, org.springframework.security.web.context.request.async.WebAsyncManagerIntegrationFilter@5c8d631, org.springframework.security.web.context.SecurityContextPersistenceFilter@75d402d4, org.springframework.security.web.header.HeaderWriterFilter@17ebbf1e, org.springframework.security.web.csrf.CsrfFilter@582b14e2, org.springframework.security.web.authentication.logout.LogoutFilter@426a4301, org.springframework.security.web.authentication.UsernamePasswordAuthenticationFilter@31aa9b01, org.springframework.security.web.savedrequest.RequestCacheAwareFilter@31434b63, org.springframework.security.web.servletapi.SecurityContextHolderAwareRequestFilter@166d576b, org.springframework.security.web.authentication.AnonymousAuthenticationFilter@3d42b756, org.springframework.security.web.session.SessionManagementFilter@6b6f73d, org.springframework.security.web.access.ExceptionTranslationFilter@79aba813]
2023-07-12 05:43:36.553  WARN 21116 --- [    Test worker] o.s.s.c.a.web.builders.WebSecurity       : You are asking Spring Security to ignore org.springframework.boot.autoconfigure.security.servlet.PathRequest$H2ConsoleRequestMatcher@4cb91fa4. This is not recommended -- please use permitAll via HttpSecurity#authorizeHttpRequests instead.
2023-07-12 05:43:36.554  INFO 21116 --- [    Test worker] o.s.s.web.DefaultSecurityFilterChain     : Will not secure org.springframework.boot.autoconfigure.security.servlet.PathRequest$H2ConsoleRequestMatcher@4cb91fa4
2023-07-12 05:43:36.559  WARN 21116 --- [    Test worker] o.s.s.c.a.web.builders.WebSecurity       : You are asking Spring Security to ignore org.springframework.boot.autoconfigure.security.servlet.StaticResourceRequest$StaticResourceRequestMatcher@2823b7c5. This is not recommended -- please use permitAll via HttpSecurity#authorizeHttpRequests instead.
2023-07-12 05:43:36.564  INFO 21116 --- [    Test worker] o.s.s.web.DefaultSecurityFilterChain     : Will not secure org.springframework.boot.autoconfigure.security.servlet.StaticResourceRequest$StaticResourceRequestMatcher@2823b7c5
2023-07-12 05:43:37.550  WARN 21116 --- [    Test worker] JpaBaseConfiguration$JpaWebConfiguration : spring.jpa.open-in-view is enabled by default. Therefore, database queries may be performed during view rendering. Explicitly configure spring.jpa.open-in-view to disable this warning
2023-07-12 05:43:40.908  INFO 21116 --- [    Test worker] com.wave.service.MemberServiceTest       : Started MemberServiceTest in 22.798 seconds (JVM running for 30.537)
2023-07-12 05:43:41.027  INFO 21116 --- [    Test worker] o.s.t.c.transaction.TransactionContext   : Began transaction (1) for test context [DefaultTestContext@1bf0f6f6 testClass = MemberServiceTest, testInstance = com.wave.service.MemberServiceTest@18174bd9, testMethod = saveMemberTest@MemberServiceTest, testException = [null], mergedContextConfiguration = [WebMergedContextConfiguration@56bc3fac testClass = MemberServiceTest, locations = '{}', classes = '{class com.wave.Application}', contextInitializerClasses = '[]', activeProfiles = '{}', propertySourceLocations = '{}', propertySourceProperties = '{org.springframework.boot.test.context.SpringBootTestContextBootstrapper=true}', contextCustomizers = set[org.springframework.boot.test.autoconfigure.actuate.metrics.MetricsExportContextCustomizerFactory$DisableMetricExportContextCustomizer@395b56bb, org.springframework.boot.test.autoconfigure.properties.PropertyMappingContextCustomizer@0, org.springframework.boot.test.autoconfigure.web.servlet.WebDriverContextCustomizerFactory$Customizer@1506f20f, org.springframework.boot.test.context.filter.ExcludeFilterContextCustomizer@5286c33a, org.springframework.boot.test.json.DuplicateJsonObjectContextCustomizerFactory$DuplicateJsonObjectContextCustomizer@c5ee75e, org.springframework.boot.test.mock.mockito.MockitoContextCustomizer@0, org.springframework.boot.test.web.client.TestRestTemplateContextCustomizer@42f33b5d, org.springframework.boot.test.context.SpringBootTestArgs@1, org.springframework.boot.test.context.SpringBootTestWebEnvironment@7b84fcf8], resourceBasePath = 'src/main/webapp', contextLoader = 'org.springframework.boot.test.context.SpringBootContextLoader', parent = [null]], attributes = map['org.springframework.test.context.web.ServletTestExecutionListener.activateListener' -> true, 'org.springframework.test.context.web.ServletTestExecutionListener.populatedRequestContextHolder' -> true, 'org.springframework.test.context.web.ServletTestExecutionListener.resetRequestContextHolder' -> true, 'org.springframework.test.context.event.ApplicationEventsTestExecutionListener.recordApplicationEvents' -> false]]; transaction manager [org.springframework.orm.jpa.JpaTransactionManager@78723798]; rollback [true]
2023-07-12 05:43:42.430 DEBUG 21116 --- [    Test worker] org.hibernate.SQL                        : select member0_.member_id as member_i1_0_, member0_.created_date as created_2_0_, member0_.modified_date as modified3_0_, member0_.email as email4_0_, member0_.name as name5_0_, member0_.nick_name as nick_nam6_0_, member0_.password as password7_0_ from member member0_ where member0_.email=?
2023-07-12 05:43:42.444 TRACE 21116 --- [    Test worker] o.h.type.descriptor.sql.BasicBinder      : binding parameter [1] as [VARCHAR] - [test@email.com]
2023-07-12 05:43:42.506 DEBUG 21116 --- [    Test worker] org.hibernate.SQL                        : call next value for hibernate_sequence
2023-07-12 05:43:42.621  INFO 21116 --- [    Test worker] o.s.t.c.transaction.TransactionContext   : Rolled back transaction for test: [DefaultTestContext@1bf0f6f6 testClass = MemberServiceTest, testInstance = com.wave.service.MemberServiceTest@18174bd9, testMethod = saveMemberTest@MemberServiceTest, testException = [null], mergedContextConfiguration = [WebMergedContextConfiguration@56bc3fac testClass = MemberServiceTest, locations = '{}', classes = '{class com.wave.Application}', contextInitializerClasses = '[]', activeProfiles = '{}', propertySourceLocations = '{}', propertySourceProperties = '{org.springframework.boot.test.context.SpringBootTestContextBootstrapper=true}', contextCustomizers = set[org.springframework.boot.test.autoconfigure.actuate.metrics.MetricsExportContextCustomizerFactory$DisableMetricExportContextCustomizer@395b56bb, org.springframework.boot.test.autoconfigure.properties.PropertyMappingContextCustomizer@0, org.springframework.boot.test.autoconfigure.web.servlet.WebDriverContextCustomizerFactory$Customizer@1506f20f, org.springframework.boot.test.context.filter.ExcludeFilterContextCustomizer@5286c33a, org.springframework.boot.test.json.DuplicateJsonObjectContextCustomizerFactory$DuplicateJsonObjectContextCustomizer@c5ee75e, org.springframework.boot.test.mock.mockito.MockitoContextCustomizer@0, org.springframework.boot.test.web.client.TestRestTemplateContextCustomizer@42f33b5d, org.springframework.boot.test.context.SpringBootTestArgs@1, org.springframework.boot.test.context.SpringBootTestWebEnvironment@7b84fcf8], resourceBasePath = 'src/main/webapp', contextLoader = 'org.springframework.boot.test.context.SpringBootContextLoader', parent = [null]], attributes = map['org.springframework.test.context.web.ServletTestExecutionListener.activateListener' -> true, 'org.springframework.test.context.web.ServletTestExecutionListener.populatedRequestContextHolder' -> true, 'org.springframework.test.context.web.ServletTestExecutionListener.resetRequestContextHolder' -> true, 'org.springframework.test.context.event.ApplicationEventsTestExecutionListener.recordApplicationEvents' -> false]]
2023-07-12 05:43:42.631  INFO 21116 --- [    Test worker] o.s.t.c.transaction.TransactionContext   : Began transaction (1) for test context [DefaultTestContext@1bf0f6f6 testClass = MemberServiceTest, testInstance = com.wave.service.MemberServiceTest@2e778abb, testMethod = saveDuplicateMemberTest@MemberServiceTest, testException = [null], mergedContextConfiguration = [WebMergedContextConfiguration@56bc3fac testClass = MemberServiceTest, locations = '{}', classes = '{class com.wave.Application}', contextInitializerClasses = '[]', activeProfiles = '{}', propertySourceLocations = '{}', propertySourceProperties = '{org.springframework.boot.test.context.SpringBootTestContextBootstrapper=true}', contextCustomizers = set[org.springframework.boot.test.autoconfigure.actuate.metrics.MetricsExportContextCustomizerFactory$DisableMetricExportContextCustomizer@395b56bb, org.springframework.boot.test.autoconfigure.properties.PropertyMappingContextCustomizer@0, org.springframework.boot.test.autoconfigure.web.servlet.WebDriverContextCustomizerFactory$Customizer@1506f20f, org.springframework.boot.test.context.filter.ExcludeFilterContextCustomizer@5286c33a, org.springframework.boot.test.json.DuplicateJsonObjectContextCustomizerFactory$DuplicateJsonObjectContextCustomizer@c5ee75e, org.springframework.boot.test.mock.mockito.MockitoContextCustomizer@0, org.springframework.boot.test.web.client.TestRestTemplateContextCustomizer@42f33b5d, org.springframework.boot.test.context.SpringBootTestArgs@1, org.springframework.boot.test.context.SpringBootTestWebEnvironment@7b84fcf8], resourceBasePath = 'src/main/webapp', contextLoader = 'org.springframework.boot.test.context.SpringBootContextLoader', parent = [null]], attributes = map['org.springframework.test.context.web.ServletTestExecutionListener.activateListener' -> true, 'org.springframework.test.context.web.ServletTestExecutionListener.populatedRequestContextHolder' -> true, 'org.springframework.test.context.web.ServletTestExecutionListener.resetRequestContextHolder' -> true, 'org.springframework.test.context.event.ApplicationEventsTestExecutionListener.recordApplicationEvents' -> false]]; transaction manager [org.springframework.orm.jpa.JpaTransactionManager@78723798]; rollback [true]
2023-07-12 05:43:42.953 DEBUG 21116 --- [    Test worker] org.hibernate.SQL                        : select member0_.member_id as member_i1_0_, member0_.created_date as created_2_0_, member0_.modified_date as modified3_0_, member0_.email as email4_0_, member0_.name as name5_0_, member0_.nick_name as nick_nam6_0_, member0_.password as password7_0_ from member member0_ where member0_.email=?
2023-07-12 05:43:42.957 TRACE 21116 --- [    Test worker] o.h.type.descriptor.sql.BasicBinder      : binding parameter [1] as [VARCHAR] - [test@email.com]
2023-07-12 05:43:42.959 DEBUG 21116 --- [    Test worker] org.hibernate.SQL                        : call next value for hibernate_sequence
2023-07-12 05:43:43.020 DEBUG 21116 --- [    Test worker] org.hibernate.SQL                        : insert into member (created_date, modified_date, email, name, nick_name, password, member_id) values (?, ?, ?, ?, ?, ?, ?)
2023-07-12 05:43:43.023 TRACE 21116 --- [    Test worker] o.h.type.descriptor.sql.BasicBinder      : binding parameter [1] as [TIMESTAMP] - [null]
2023-07-12 05:43:43.026 TRACE 21116 --- [    Test worker] o.h.type.descriptor.sql.BasicBinder      : binding parameter [2] as [TIMESTAMP] - [null]
2023-07-12 05:43:43.032 TRACE 21116 --- [    Test worker] o.h.type.descriptor.sql.BasicBinder      : binding parameter [3] as [VARCHAR] - [test@email.com]
2023-07-12 05:43:43.034 TRACE 21116 --- [    Test worker] o.h.type.descriptor.sql.BasicBinder      : binding parameter [4] as [VARCHAR] - [테스트]
2023-07-12 05:43:43.038 TRACE 21116 --- [    Test worker] o.h.type.descriptor.sql.BasicBinder      : binding parameter [5] as [VARCHAR] - [null]
2023-07-12 05:43:43.039 TRACE 21116 --- [    Test worker] o.h.type.descriptor.sql.BasicBinder      : binding parameter [6] as [VARCHAR] - [$2a$10$S36mUwNnDCV.I4TjyJay2O4n7KoZzkNL1/Qb9HBGQELRv5nDAigxa]
2023-07-12 05:43:43.044 TRACE 21116 --- [    Test worker] o.h.type.descriptor.sql.BasicBinder      : binding parameter [7] as [BIGINT] - [2]
2023-07-12 05:43:43.053 DEBUG 21116 --- [    Test worker] org.hibernate.SQL                        : select member0_.member_id as member_i1_0_, member0_.created_date as created_2_0_, member0_.modified_date as modified3_0_, member0_.email as email4_0_, member0_.name as name5_0_, member0_.nick_name as nick_nam6_0_, member0_.password as password7_0_ from member member0_ where member0_.email=?
2023-07-12 05:43:43.053 TRACE 21116 --- [    Test worker] o.h.type.descriptor.sql.BasicBinder      : binding parameter [1] as [VARCHAR] - [test@email.com]
2023-07-12 05:43:43.060 TRACE 21116 --- [    Test worker] o.h.type.descriptor.sql.BasicExtractor   : extracted value ([member_i1_0_] : [BIGINT]) - [2]
2023-07-12 05:43:43.069  INFO 21116 --- [    Test worker] o.s.t.c.transaction.TransactionContext   : Rolled back transaction for test: [DefaultTestContext@1bf0f6f6 testClass = MemberServiceTest, testInstance = com.wave.service.MemberServiceTest@2e778abb, testMethod = saveDuplicateMemberTest@MemberServiceTest, testException = [null], mergedContextConfiguration = [WebMergedContextConfiguration@56bc3fac testClass = MemberServiceTest, locations = '{}', classes = '{class com.wave.Application}', contextInitializerClasses = '[]', activeProfiles = '{}', propertySourceLocations = '{}', propertySourceProperties = '{org.springframework.boot.test.context.SpringBootTestContextBootstrapper=true}', contextCustomizers = set[org.springframework.boot.test.autoconfigure.actuate.metrics.MetricsExportContextCustomizerFactory$DisableMetricExportContextCustomizer@395b56bb, org.springframework.boot.test.autoconfigure.properties.PropertyMappingContextCustomizer@0, org.springframework.boot.test.autoconfigure.web.servlet.WebDriverContextCustomizerFactory$Customizer@1506f20f, org.springframework.boot.test.context.filter.ExcludeFilterContextCustomizer@5286c33a, org.springframework.boot.test.json.DuplicateJsonObjectContextCustomizerFactory$DuplicateJsonObjectContextCustomizer@c5ee75e, org.springframework.boot.test.mock.mockito.MockitoContextCustomizer@0, org.springframework.boot.test.web.client.TestRestTemplateContextCustomizer@42f33b5d, org.springframework.boot.test.context.SpringBootTestArgs@1, org.springframework.boot.test.context.SpringBootTestWebEnvironment@7b84fcf8], resourceBasePath = 'src/main/webapp', contextLoader = 'org.springframework.boot.test.context.SpringBootContextLoader', parent = [null]], attributes = map['org.springframework.test.context.web.ServletTestExecutionListener.activateListener' -> true, 'org.springframework.test.context.web.ServletTestExecutionListener.populatedRequestContextHolder' -> true, 'org.springframework.test.context.web.ServletTestExecutionListener.resetRequestContextHolder' -> true, 'org.springframework.test.context.event.ApplicationEventsTestExecutionListener.recordApplicationEvents' -> false]]
]]></system-out>
  <system-err><![CDATA[]]></system-err>
</testsuite>
