<?xml version="1.0" encoding="UTF-8"?>
<testsuite name="com.wave.service.MemberServiceTest" tests="2" skipped="0" failures="0" errors="0" timestamp="2023-07-01T18:12:10" hostname="DESKTOP-7IMHJ15" time="1.823">
  <properties/>
  <testcase name="saveMemberTest" classname="com.wave.service.MemberServiceTest" time="1.14"/>
  <testcase name="saveDuplicateMemberTest" classname="com.wave.service.MemberServiceTest" time="0.681"/>
  <system-out><![CDATA[03:11:53.122 [Test worker] DEBUG org.springframework.test.annotation.ProfileValueUtils - Retrieved @ProfileValueSourceConfiguration [null] for test class [com.wave.service.MemberServiceTest]
03:11:53.126 [Test worker] DEBUG org.springframework.test.annotation.ProfileValueUtils - Retrieved ProfileValueSource type [class org.springframework.test.annotation.SystemProfileValueSource] for class [com.wave.service.MemberServiceTest]
03:11:53.132 [Test worker] DEBUG org.springframework.test.annotation.ProfileValueUtils - Retrieved @ProfileValueSourceConfiguration [null] for test class [com.wave.service.MemberServiceTest]
03:11:53.132 [Test worker] DEBUG org.springframework.test.annotation.ProfileValueUtils - Retrieved ProfileValueSource type [class org.springframework.test.annotation.SystemProfileValueSource] for class [com.wave.service.MemberServiceTest]
03:11:53.175 [Test worker] DEBUG org.springframework.test.context.support.AbstractDirtiesContextTestExecutionListener - Before test class: context [DefaultTestContext@5fa05212 testClass = MemberServiceTest, testInstance = [null], testMethod = [null], testException = [null], mergedContextConfiguration = [WebMergedContextConfiguration@3e681bc testClass = MemberServiceTest, locations = '{}', classes = '{class com.wave.Application}', contextInitializerClasses = '[]', activeProfiles = '{}', propertySourceLocations = '{}', propertySourceProperties = '{org.springframework.boot.test.context.SpringBootTestContextBootstrapper=true}', contextCustomizers = set[org.springframework.boot.test.autoconfigure.actuate.metrics.MetricsExportContextCustomizerFactory$DisableMetricExportContextCustomizer@395b56bb, org.springframework.boot.test.autoconfigure.properties.PropertyMappingContextCustomizer@0, org.springframework.boot.test.autoconfigure.web.servlet.WebDriverContextCustomizerFactory$Customizer@1506f20f, org.springframework.boot.test.context.filter.ExcludeFilterContextCustomizer@5286c33a, org.springframework.boot.test.json.DuplicateJsonObjectContextCustomizerFactory$DuplicateJsonObjectContextCustomizer@c5ee75e, org.springframework.boot.test.mock.mockito.MockitoContextCustomizer@0, org.springframework.boot.test.web.client.TestRestTemplateContextCustomizer@42f33b5d, org.springframework.boot.test.context.SpringBootTestArgs@1, org.springframework.boot.test.context.SpringBootTestWebEnvironment@7b84fcf8], resourceBasePath = 'src/main/webapp', contextLoader = 'org.springframework.boot.test.context.SpringBootContextLoader', parent = [null]], attributes = map['org.springframework.test.context.web.ServletTestExecutionListener.activateListener' -> true]], class annotated with @DirtiesContext [false] with mode [null].
03:11:53.217 [Test worker] DEBUG org.springframework.test.annotation.ProfileValueUtils - Retrieved @ProfileValueSourceConfiguration [null] for test class [com.wave.service.MemberServiceTest]
03:11:53.232 [Test worker] DEBUG org.springframework.test.annotation.ProfileValueUtils - Retrieved ProfileValueSource type [class org.springframework.test.annotation.SystemProfileValueSource] for class [com.wave.service.MemberServiceTest]

  .   ____          _            __ _ _
 /\\ / ___'_ __ _ _(_)_ __  __ _ \ \ \ \
( ( )\___ | '_ | '_| | '_ \/ _` | \ \ \ \
 \\/  ___)| |_)| | | | | || (_| |  ) ) ) )
  '  |____| .__|_| |_|_| |_\__, | / / / /
 =========|_|==============|___/=/_/_/_/
 :: Spring Boot ::                (v2.7.6)

2023-07-02 03:11:54.772  INFO 17968 --- [    Test worker] com.wave.service.MemberServiceTest       : Starting MemberServiceTest using Java 11.0.16.1 on DESKTOP-7IMHJ15 with PID 17968 (started by 한지나 in C:\Users\한지나\Desktop\study_B\실습\wave)
2023-07-02 03:11:54.776  INFO 17968 --- [    Test worker] com.wave.service.MemberServiceTest       : No active profile set, falling back to 1 default profile: "default"
2023-07-02 03:11:57.644  INFO 17968 --- [    Test worker] .s.d.r.c.RepositoryConfigurationDelegate : Bootstrapping Spring Data JPA repositories in DEFAULT mode.
2023-07-02 03:11:57.819  INFO 17968 --- [    Test worker] .s.d.r.c.RepositoryConfigurationDelegate : Finished Spring Data repository scanning in 146 ms. Found 1 JPA repository interfaces.
2023-07-02 03:11:59.450  INFO 17968 --- [    Test worker] com.zaxxer.hikari.HikariDataSource       : HikariPool-1 - Starting...
2023-07-02 03:11:59.983  INFO 17968 --- [    Test worker] com.zaxxer.hikari.HikariDataSource       : HikariPool-1 - Start completed.
2023-07-02 03:12:00.246  INFO 17968 --- [    Test worker] o.hibernate.jpa.internal.util.LogHelper  : HHH000204: Processing PersistenceUnitInfo [name: default]
2023-07-02 03:12:00.587  INFO 17968 --- [    Test worker] org.hibernate.Version                    : HHH000412: Hibernate ORM core version 5.6.14.Final
2023-07-02 03:12:01.398  INFO 17968 --- [    Test worker] o.hibernate.annotations.common.Version   : HCANN000001: Hibernate Commons Annotations {5.1.2.Final}
2023-07-02 03:12:01.554 DEBUG 17968 --- [    Test worker] org.hibernate.type.BasicTypeRegistry     : Adding type registration boolean -> org.hibernate.type.BooleanType@333d44f6
2023-07-02 03:12:01.557 DEBUG 17968 --- [    Test worker] org.hibernate.type.BasicTypeRegistry     : Adding type registration boolean -> org.hibernate.type.BooleanType@333d44f6
2023-07-02 03:12:01.559 DEBUG 17968 --- [    Test worker] org.hibernate.type.BasicTypeRegistry     : Adding type registration java.lang.Boolean -> org.hibernate.type.BooleanType@333d44f6
2023-07-02 03:12:01.569 DEBUG 17968 --- [    Test worker] org.hibernate.type.BasicTypeRegistry     : Adding type registration numeric_boolean -> org.hibernate.type.NumericBooleanType@4f8659d0
2023-07-02 03:12:01.573 DEBUG 17968 --- [    Test worker] org.hibernate.type.BasicTypeRegistry     : Adding type registration true_false -> org.hibernate.type.TrueFalseType@7d28cdcd
2023-07-02 03:12:01.578 DEBUG 17968 --- [    Test worker] org.hibernate.type.BasicTypeRegistry     : Adding type registration yes_no -> org.hibernate.type.YesNoType@1186374c
2023-07-02 03:12:01.592 DEBUG 17968 --- [    Test worker] org.hibernate.type.BasicTypeRegistry     : Adding type registration byte -> org.hibernate.type.ByteType@67941d
2023-07-02 03:12:01.593 DEBUG 17968 --- [    Test worker] org.hibernate.type.BasicTypeRegistry     : Adding type registration byte -> org.hibernate.type.ByteType@67941d
2023-07-02 03:12:01.594 DEBUG 17968 --- [    Test worker] org.hibernate.type.BasicTypeRegistry     : Adding type registration java.lang.Byte -> org.hibernate.type.ByteType@67941d
2023-07-02 03:12:01.614 DEBUG 17968 --- [    Test worker] org.hibernate.type.BasicTypeRegistry     : Adding type registration character -> org.hibernate.type.CharacterType@38d525aa
2023-07-02 03:12:01.615 DEBUG 17968 --- [    Test worker] org.hibernate.type.BasicTypeRegistry     : Adding type registration char -> org.hibernate.type.CharacterType@38d525aa
2023-07-02 03:12:01.616 DEBUG 17968 --- [    Test worker] org.hibernate.type.BasicTypeRegistry     : Adding type registration java.lang.Character -> org.hibernate.type.CharacterType@38d525aa
2023-07-02 03:12:01.637 DEBUG 17968 --- [    Test worker] org.hibernate.type.BasicTypeRegistry     : Adding type registration short -> org.hibernate.type.ShortType@22686ddb
2023-07-02 03:12:01.639 DEBUG 17968 --- [    Test worker] org.hibernate.type.BasicTypeRegistry     : Adding type registration short -> org.hibernate.type.ShortType@22686ddb
2023-07-02 03:12:01.640 DEBUG 17968 --- [    Test worker] org.hibernate.type.BasicTypeRegistry     : Adding type registration java.lang.Short -> org.hibernate.type.ShortType@22686ddb
2023-07-02 03:12:01.646 DEBUG 17968 --- [    Test worker] org.hibernate.type.BasicTypeRegistry     : Adding type registration integer -> org.hibernate.type.IntegerType@84f51d9
2023-07-02 03:12:01.657 DEBUG 17968 --- [    Test worker] org.hibernate.type.BasicTypeRegistry     : Adding type registration int -> org.hibernate.type.IntegerType@84f51d9
2023-07-02 03:12:01.661 DEBUG 17968 --- [    Test worker] org.hibernate.type.BasicTypeRegistry     : Adding type registration java.lang.Integer -> org.hibernate.type.IntegerType@84f51d9
2023-07-02 03:12:01.671 DEBUG 17968 --- [    Test worker] org.hibernate.type.BasicTypeRegistry     : Adding type registration long -> org.hibernate.type.LongType@7d64a960
2023-07-02 03:12:01.672 DEBUG 17968 --- [    Test worker] org.hibernate.type.BasicTypeRegistry     : Adding type registration long -> org.hibernate.type.LongType@7d64a960
2023-07-02 03:12:01.672 DEBUG 17968 --- [    Test worker] org.hibernate.type.BasicTypeRegistry     : Adding type registration java.lang.Long -> org.hibernate.type.LongType@7d64a960
2023-07-02 03:12:01.678 DEBUG 17968 --- [    Test worker] org.hibernate.type.BasicTypeRegistry     : Adding type registration float -> org.hibernate.type.FloatType@7ed7ae
2023-07-02 03:12:01.679 DEBUG 17968 --- [    Test worker] org.hibernate.type.BasicTypeRegistry     : Adding type registration float -> org.hibernate.type.FloatType@7ed7ae
2023-07-02 03:12:01.679 DEBUG 17968 --- [    Test worker] org.hibernate.type.BasicTypeRegistry     : Adding type registration java.lang.Float -> org.hibernate.type.FloatType@7ed7ae
2023-07-02 03:12:01.683 DEBUG 17968 --- [    Test worker] org.hibernate.type.BasicTypeRegistry     : Adding type registration double -> org.hibernate.type.DoubleType@4fe2dd02
2023-07-02 03:12:01.684 DEBUG 17968 --- [    Test worker] org.hibernate.type.BasicTypeRegistry     : Adding type registration double -> org.hibernate.type.DoubleType@4fe2dd02
2023-07-02 03:12:01.685 DEBUG 17968 --- [    Test worker] org.hibernate.type.BasicTypeRegistry     : Adding type registration java.lang.Double -> org.hibernate.type.DoubleType@4fe2dd02
2023-07-02 03:12:01.691 DEBUG 17968 --- [    Test worker] org.hibernate.type.BasicTypeRegistry     : Adding type registration big_decimal -> org.hibernate.type.BigDecimalType@1c2dd89b
2023-07-02 03:12:01.692 DEBUG 17968 --- [    Test worker] org.hibernate.type.BasicTypeRegistry     : Adding type registration java.math.BigDecimal -> org.hibernate.type.BigDecimalType@1c2dd89b
2023-07-02 03:12:01.696 DEBUG 17968 --- [    Test worker] org.hibernate.type.BasicTypeRegistry     : Adding type registration big_integer -> org.hibernate.type.BigIntegerType@d84418a
2023-07-02 03:12:01.697 DEBUG 17968 --- [    Test worker] org.hibernate.type.BasicTypeRegistry     : Adding type registration java.math.BigInteger -> org.hibernate.type.BigIntegerType@d84418a
2023-07-02 03:12:01.704 DEBUG 17968 --- [    Test worker] org.hibernate.type.BasicTypeRegistry     : Adding type registration string -> org.hibernate.type.StringType@9205c0a
2023-07-02 03:12:01.713 DEBUG 17968 --- [    Test worker] org.hibernate.type.BasicTypeRegistry     : Adding type registration java.lang.String -> org.hibernate.type.StringType@9205c0a
2023-07-02 03:12:01.718 DEBUG 17968 --- [    Test worker] org.hibernate.type.BasicTypeRegistry     : Adding type registration nstring -> org.hibernate.type.StringNVarcharType@57416e49
2023-07-02 03:12:01.720 DEBUG 17968 --- [    Test worker] org.hibernate.type.BasicTypeRegistry     : Adding type registration ncharacter -> org.hibernate.type.CharacterNCharType@283d3628
2023-07-02 03:12:01.724 DEBUG 17968 --- [    Test worker] org.hibernate.type.BasicTypeRegistry     : Adding type registration url -> org.hibernate.type.UrlType@26a45089
2023-07-02 03:12:01.725 DEBUG 17968 --- [    Test worker] org.hibernate.type.BasicTypeRegistry     : Adding type registration java.net.URL -> org.hibernate.type.UrlType@26a45089
2023-07-02 03:12:01.731 DEBUG 17968 --- [    Test worker] org.hibernate.type.BasicTypeRegistry     : Adding type registration Duration -> org.hibernate.type.DurationType@33e50ff2
2023-07-02 03:12:01.731 DEBUG 17968 --- [    Test worker] org.hibernate.type.BasicTypeRegistry     : Adding type registration java.time.Duration -> org.hibernate.type.DurationType@33e50ff2
2023-07-02 03:12:01.736 DEBUG 17968 --- [    Test worker] org.hibernate.type.BasicTypeRegistry     : Adding type registration Instant -> org.hibernate.type.InstantType@138a85d3
2023-07-02 03:12:01.737 DEBUG 17968 --- [    Test worker] org.hibernate.type.BasicTypeRegistry     : Adding type registration java.time.Instant -> org.hibernate.type.InstantType@138a85d3
2023-07-02 03:12:01.746 DEBUG 17968 --- [    Test worker] org.hibernate.type.BasicTypeRegistry     : Adding type registration LocalDateTime -> org.hibernate.type.LocalDateTimeType@67e6eb52
2023-07-02 03:12:01.747 DEBUG 17968 --- [    Test worker] org.hibernate.type.BasicTypeRegistry     : Adding type registration java.time.LocalDateTime -> org.hibernate.type.LocalDateTimeType@67e6eb52
2023-07-02 03:12:01.752 DEBUG 17968 --- [    Test worker] org.hibernate.type.BasicTypeRegistry     : Adding type registration LocalDate -> org.hibernate.type.LocalDateType@45796b2a
2023-07-02 03:12:01.754 DEBUG 17968 --- [    Test worker] org.hibernate.type.BasicTypeRegistry     : Adding type registration java.time.LocalDate -> org.hibernate.type.LocalDateType@45796b2a
2023-07-02 03:12:01.759 DEBUG 17968 --- [    Test worker] org.hibernate.type.BasicTypeRegistry     : Adding type registration LocalTime -> org.hibernate.type.LocalTimeType@5c76fce4
2023-07-02 03:12:01.761 DEBUG 17968 --- [    Test worker] org.hibernate.type.BasicTypeRegistry     : Adding type registration java.time.LocalTime -> org.hibernate.type.LocalTimeType@5c76fce4
2023-07-02 03:12:01.767 DEBUG 17968 --- [    Test worker] org.hibernate.type.BasicTypeRegistry     : Adding type registration OffsetDateTime -> org.hibernate.type.OffsetDateTimeType@fcd0e8d
2023-07-02 03:12:01.767 DEBUG 17968 --- [    Test worker] org.hibernate.type.BasicTypeRegistry     : Adding type registration java.time.OffsetDateTime -> org.hibernate.type.OffsetDateTimeType@fcd0e8d
2023-07-02 03:12:01.772 DEBUG 17968 --- [    Test worker] org.hibernate.type.BasicTypeRegistry     : Adding type registration OffsetTime -> org.hibernate.type.OffsetTimeType@77ab5214
2023-07-02 03:12:01.773 DEBUG 17968 --- [    Test worker] org.hibernate.type.BasicTypeRegistry     : Adding type registration java.time.OffsetTime -> org.hibernate.type.OffsetTimeType@77ab5214
2023-07-02 03:12:01.780 DEBUG 17968 --- [    Test worker] org.hibernate.type.BasicTypeRegistry     : Adding type registration ZonedDateTime -> org.hibernate.type.ZonedDateTimeType@d66502
2023-07-02 03:12:01.780 DEBUG 17968 --- [    Test worker] org.hibernate.type.BasicTypeRegistry     : Adding type registration java.time.ZonedDateTime -> org.hibernate.type.ZonedDateTimeType@d66502
2023-07-02 03:12:01.786 DEBUG 17968 --- [    Test worker] org.hibernate.type.BasicTypeRegistry     : Adding type registration date -> org.hibernate.type.DateType@6c27e700
2023-07-02 03:12:01.786 DEBUG 17968 --- [    Test worker] org.hibernate.type.BasicTypeRegistry     : Adding type registration java.sql.Date -> org.hibernate.type.DateType@6c27e700
2023-07-02 03:12:01.808 DEBUG 17968 --- [    Test worker] org.hibernate.type.BasicTypeRegistry     : Adding type registration time -> org.hibernate.type.TimeType@4948daec
2023-07-02 03:12:01.812 DEBUG 17968 --- [    Test worker] org.hibernate.type.BasicTypeRegistry     : Adding type registration java.sql.Time -> org.hibernate.type.TimeType@4948daec
2023-07-02 03:12:01.818 DEBUG 17968 --- [    Test worker] org.hibernate.type.BasicTypeRegistry     : Adding type registration timestamp -> org.hibernate.type.TimestampType@5c573229
2023-07-02 03:12:01.820 DEBUG 17968 --- [    Test worker] org.hibernate.type.BasicTypeRegistry     : Adding type registration java.sql.Timestamp -> org.hibernate.type.TimestampType@5c573229
2023-07-02 03:12:01.822 DEBUG 17968 --- [    Test worker] org.hibernate.type.BasicTypeRegistry     : Adding type registration java.util.Date -> org.hibernate.type.TimestampType@5c573229
2023-07-02 03:12:01.828 DEBUG 17968 --- [    Test worker] org.hibernate.type.BasicTypeRegistry     : Adding type registration dbtimestamp -> org.hibernate.type.DbTimestampType@592a1882
2023-07-02 03:12:01.832 DEBUG 17968 --- [    Test worker] org.hibernate.type.BasicTypeRegistry     : Adding type registration calendar -> org.hibernate.type.CalendarType@23396fc0
2023-07-02 03:12:01.833 DEBUG 17968 --- [    Test worker] org.hibernate.type.BasicTypeRegistry     : Adding type registration java.util.Calendar -> org.hibernate.type.CalendarType@23396fc0
2023-07-02 03:12:01.834 DEBUG 17968 --- [    Test worker] org.hibernate.type.BasicTypeRegistry     : Adding type registration java.util.GregorianCalendar -> org.hibernate.type.CalendarType@23396fc0
2023-07-02 03:12:01.842 DEBUG 17968 --- [    Test worker] org.hibernate.type.BasicTypeRegistry     : Adding type registration calendar_date -> org.hibernate.type.CalendarDateType@5d27b4c1
2023-07-02 03:12:01.847 DEBUG 17968 --- [    Test worker] org.hibernate.type.BasicTypeRegistry     : Adding type registration calendar_time -> org.hibernate.type.CalendarTimeType@270f28cf
2023-07-02 03:12:01.856 DEBUG 17968 --- [    Test worker] org.hibernate.type.BasicTypeRegistry     : Adding type registration locale -> org.hibernate.type.LocaleType@74707df8
2023-07-02 03:12:01.856 DEBUG 17968 --- [    Test worker] org.hibernate.type.BasicTypeRegistry     : Adding type registration java.util.Locale -> org.hibernate.type.LocaleType@74707df8
2023-07-02 03:12:01.870 DEBUG 17968 --- [    Test worker] org.hibernate.type.BasicTypeRegistry     : Adding type registration currency -> org.hibernate.type.CurrencyType@2e3cd732
2023-07-02 03:12:01.870 DEBUG 17968 --- [    Test worker] org.hibernate.type.BasicTypeRegistry     : Adding type registration java.util.Currency -> org.hibernate.type.CurrencyType@2e3cd732
2023-07-02 03:12:01.875 DEBUG 17968 --- [    Test worker] org.hibernate.type.BasicTypeRegistry     : Adding type registration timezone -> org.hibernate.type.TimeZoneType@d3cce46
2023-07-02 03:12:01.876 DEBUG 17968 --- [    Test worker] org.hibernate.type.BasicTypeRegistry     : Adding type registration java.util.TimeZone -> org.hibernate.type.TimeZoneType@d3cce46
2023-07-02 03:12:01.882 DEBUG 17968 --- [    Test worker] org.hibernate.type.BasicTypeRegistry     : Adding type registration class -> org.hibernate.type.ClassType@3d3930fe
2023-07-02 03:12:01.883 DEBUG 17968 --- [    Test worker] org.hibernate.type.BasicTypeRegistry     : Adding type registration java.lang.Class -> org.hibernate.type.ClassType@3d3930fe
2023-07-02 03:12:01.887 DEBUG 17968 --- [    Test worker] org.hibernate.type.BasicTypeRegistry     : Adding type registration uuid-binary -> org.hibernate.type.UUIDBinaryType@b5de9ac
2023-07-02 03:12:01.888 DEBUG 17968 --- [    Test worker] org.hibernate.type.BasicTypeRegistry     : Adding type registration java.util.UUID -> org.hibernate.type.UUIDBinaryType@b5de9ac
2023-07-02 03:12:01.900 DEBUG 17968 --- [    Test worker] org.hibernate.type.BasicTypeRegistry     : Adding type registration uuid-char -> org.hibernate.type.UUIDCharType@36e409e0
2023-07-02 03:12:01.907 DEBUG 17968 --- [    Test worker] org.hibernate.type.BasicTypeRegistry     : Adding type registration binary -> org.hibernate.type.BinaryType@25cde5bb
2023-07-02 03:12:01.908 DEBUG 17968 --- [    Test worker] org.hibernate.type.BasicTypeRegistry     : Adding type registration byte[] -> org.hibernate.type.BinaryType@25cde5bb
2023-07-02 03:12:01.908 DEBUG 17968 --- [    Test worker] org.hibernate.type.BasicTypeRegistry     : Adding type registration [B -> org.hibernate.type.BinaryType@25cde5bb
2023-07-02 03:12:01.916 DEBUG 17968 --- [    Test worker] org.hibernate.type.BasicTypeRegistry     : Adding type registration wrapper-binary -> org.hibernate.type.WrapperBinaryType@a5e8260
2023-07-02 03:12:01.916 DEBUG 17968 --- [    Test worker] org.hibernate.type.BasicTypeRegistry     : Adding type registration Byte[] -> org.hibernate.type.WrapperBinaryType@a5e8260
2023-07-02 03:12:01.916 DEBUG 17968 --- [    Test worker] org.hibernate.type.BasicTypeRegistry     : Adding type registration [Ljava.lang.Byte; -> org.hibernate.type.WrapperBinaryType@a5e8260
2023-07-02 03:12:01.945 DEBUG 17968 --- [    Test worker] org.hibernate.type.BasicTypeRegistry     : Adding type registration row_version -> org.hibernate.type.RowVersionType@1be8c122
2023-07-02 03:12:01.947 DEBUG 17968 --- [    Test worker] org.hibernate.type.BasicTypeRegistry     : Adding type registration image -> org.hibernate.type.ImageType@4be12f6c
2023-07-02 03:12:01.951 DEBUG 17968 --- [    Test worker] org.hibernate.type.BasicTypeRegistry     : Adding type registration characters -> org.hibernate.type.CharArrayType@1fee4278
2023-07-02 03:12:01.952 DEBUG 17968 --- [    Test worker] org.hibernate.type.BasicTypeRegistry     : Adding type registration char[] -> org.hibernate.type.CharArrayType@1fee4278
2023-07-02 03:12:01.952 DEBUG 17968 --- [    Test worker] org.hibernate.type.BasicTypeRegistry     : Adding type registration [C -> org.hibernate.type.CharArrayType@1fee4278
2023-07-02 03:12:01.957 DEBUG 17968 --- [    Test worker] org.hibernate.type.BasicTypeRegistry     : Adding type registration wrapper-characters -> org.hibernate.type.CharacterArrayType@2b6262bc
2023-07-02 03:12:01.962 DEBUG 17968 --- [    Test worker] org.hibernate.type.BasicTypeRegistry     : Adding type registration [Ljava.lang.Character; -> org.hibernate.type.CharacterArrayType@2b6262bc
2023-07-02 03:12:01.977 DEBUG 17968 --- [    Test worker] org.hibernate.type.BasicTypeRegistry     : Adding type registration Character[] -> org.hibernate.type.CharacterArrayType@2b6262bc
2023-07-02 03:12:01.980 DEBUG 17968 --- [    Test worker] org.hibernate.type.BasicTypeRegistry     : Adding type registration text -> org.hibernate.type.TextType@3e28dc96
2023-07-02 03:12:01.984 DEBUG 17968 --- [    Test worker] org.hibernate.type.BasicTypeRegistry     : Adding type registration ntext -> org.hibernate.type.NTextType@76b305e1
2023-07-02 03:12:01.995 DEBUG 17968 --- [    Test worker] org.hibernate.type.BasicTypeRegistry     : Adding type registration blob -> org.hibernate.type.BlobType@17c53dfb
2023-07-02 03:12:02.006 DEBUG 17968 --- [    Test worker] org.hibernate.type.BasicTypeRegistry     : Adding type registration java.sql.Blob -> org.hibernate.type.BlobType@17c53dfb
2023-07-02 03:12:02.017 DEBUG 17968 --- [    Test worker] org.hibernate.type.BasicTypeRegistry     : Adding type registration materialized_blob -> org.hibernate.type.MaterializedBlobType@53dba9cd
2023-07-02 03:12:02.035 DEBUG 17968 --- [    Test worker] org.hibernate.type.BasicTypeRegistry     : Adding type registration clob -> org.hibernate.type.ClobType@69f9b561
2023-07-02 03:12:02.036 DEBUG 17968 --- [    Test worker] org.hibernate.type.BasicTypeRegistry     : Adding type registration java.sql.Clob -> org.hibernate.type.ClobType@69f9b561
2023-07-02 03:12:02.044 DEBUG 17968 --- [    Test worker] org.hibernate.type.BasicTypeRegistry     : Adding type registration nclob -> org.hibernate.type.NClobType@26d028f7
2023-07-02 03:12:02.044 DEBUG 17968 --- [    Test worker] org.hibernate.type.BasicTypeRegistry     : Adding type registration java.sql.NClob -> org.hibernate.type.NClobType@26d028f7
2023-07-02 03:12:02.047 DEBUG 17968 --- [    Test worker] org.hibernate.type.BasicTypeRegistry     : Adding type registration materialized_clob -> org.hibernate.type.MaterializedClobType@ae3c140
2023-07-02 03:12:02.049 DEBUG 17968 --- [    Test worker] org.hibernate.type.BasicTypeRegistry     : Adding type registration materialized_nclob -> org.hibernate.type.MaterializedNClobType@563172d3
2023-07-02 03:12:02.054 DEBUG 17968 --- [    Test worker] org.hibernate.type.BasicTypeRegistry     : Adding type registration serializable -> org.hibernate.type.SerializableType@2c9cafa5
2023-07-02 03:12:02.063 DEBUG 17968 --- [    Test worker] org.hibernate.type.BasicTypeRegistry     : Adding type registration object -> org.hibernate.type.ObjectType@4ccdacf5
2023-07-02 03:12:02.064 DEBUG 17968 --- [    Test worker] org.hibernate.type.BasicTypeRegistry     : Adding type registration java.lang.Object -> org.hibernate.type.ObjectType@4ccdacf5
2023-07-02 03:12:02.066 DEBUG 17968 --- [    Test worker] org.hibernate.type.BasicTypeRegistry     : Adding type registration imm_date -> org.hibernate.type.AdaptedImmutableType@329b331f
2023-07-02 03:12:02.068 DEBUG 17968 --- [    Test worker] org.hibernate.type.BasicTypeRegistry     : Adding type registration imm_time -> org.hibernate.type.AdaptedImmutableType@640a8f93
2023-07-02 03:12:02.068 DEBUG 17968 --- [    Test worker] org.hibernate.type.BasicTypeRegistry     : Adding type registration imm_timestamp -> org.hibernate.type.AdaptedImmutableType@6335f04a
2023-07-02 03:12:02.071 DEBUG 17968 --- [    Test worker] org.hibernate.type.BasicTypeRegistry     : Adding type registration imm_dbtimestamp -> org.hibernate.type.AdaptedImmutableType@74ce7fdf
2023-07-02 03:12:02.071 DEBUG 17968 --- [    Test worker] org.hibernate.type.BasicTypeRegistry     : Adding type registration imm_calendar -> org.hibernate.type.AdaptedImmutableType@1f26b992
2023-07-02 03:12:02.072 DEBUG 17968 --- [    Test worker] org.hibernate.type.BasicTypeRegistry     : Adding type registration imm_calendar_date -> org.hibernate.type.AdaptedImmutableType@2f60cbf2
2023-07-02 03:12:02.072 DEBUG 17968 --- [    Test worker] org.hibernate.type.BasicTypeRegistry     : Adding type registration imm_binary -> org.hibernate.type.AdaptedImmutableType@631bc9f4
2023-07-02 03:12:02.073 DEBUG 17968 --- [    Test worker] org.hibernate.type.BasicTypeRegistry     : Adding type registration imm_serializable -> org.hibernate.type.AdaptedImmutableType@642c72cf
2023-07-02 03:12:02.431  INFO 17968 --- [    Test worker] org.hibernate.dialect.Dialect            : HHH000400: Using dialect: org.hibernate.dialect.H2Dialect
2023-07-02 03:12:02.609 DEBUG 17968 --- [    Test worker] o.h.type.spi.TypeConfiguration$Scope     : Scoping TypeConfiguration [org.hibernate.type.spi.TypeConfiguration@671da0f9] to MetadataBuildingContext [org.hibernate.boot.internal.MetadataBuildingContextRootImpl@4d2f9e3c]
2023-07-02 03:12:03.722 DEBUG 17968 --- [    Test worker] org.hibernate.type.EnumType              : Using NAMED-based conversion for Enum com.wave.entity.Role
2023-07-02 03:12:03.726 DEBUG 17968 --- [    Test worker] o.h.type.spi.TypeConfiguration$Scope     : Scoping TypeConfiguration [org.hibernate.type.spi.TypeConfiguration@671da0f9] to SessionFactoryImpl [org.hibernate.internal.SessionFactoryImpl@31b650e9]
2023-07-02 03:12:05.026 DEBUG 17968 --- [    Test worker] org.hibernate.SQL                        : drop table if exists member CASCADE 
2023-07-02 03:12:05.032 DEBUG 17968 --- [    Test worker] org.hibernate.SQL                        : drop sequence if exists hibernate_sequence
2023-07-02 03:12:05.039 DEBUG 17968 --- [    Test worker] org.hibernate.SQL                        : create sequence hibernate_sequence start with 1 increment by 1
2023-07-02 03:12:05.049 DEBUG 17968 --- [    Test worker] org.hibernate.SQL                        : create table member (member_id bigint not null, created_date timestamp, modified_date timestamp, email varchar(255), name varchar(255), password varchar(255), role varchar(255), user_id varchar(255), primary key (member_id))
2023-07-02 03:12:05.071 DEBUG 17968 --- [    Test worker] org.hibernate.SQL                        : alter table member add constraint UK_mbmcqelty0fbrvxp1q58dn57t unique (email)
2023-07-02 03:12:05.088  INFO 17968 --- [    Test worker] o.h.e.t.j.p.i.JtaPlatformInitiator       : HHH000490: Using JtaPlatform implementation: [org.hibernate.engine.transaction.jta.platform.internal.NoJtaPlatform]
2023-07-02 03:12:05.118 TRACE 17968 --- [    Test worker] o.h.type.spi.TypeConfiguration$Scope     : Handling #sessionFactoryCreated from [org.hibernate.internal.SessionFactoryImpl@31b650e9] for TypeConfiguration
2023-07-02 03:12:05.123  INFO 17968 --- [    Test worker] j.LocalContainerEntityManagerFactoryBean : Initialized JPA EntityManagerFactory for persistence unit 'default'
2023-07-02 03:12:07.069  INFO 17968 --- [    Test worker] o.s.s.web.DefaultSecurityFilterChain     : Will secure any request with [org.springframework.security.web.session.DisableEncodeUrlFilter@3d1c8f35, org.springframework.security.web.context.request.async.WebAsyncManagerIntegrationFilter@498f5728, org.springframework.security.web.context.SecurityContextPersistenceFilter@712c9bcf, org.springframework.security.web.header.HeaderWriterFilter@31aa9b01, org.springframework.security.web.csrf.CsrfFilter@1f235a0a, org.springframework.security.web.authentication.logout.LogoutFilter@4ed5492c, org.springframework.security.web.authentication.UsernamePasswordAuthenticationFilter@591febcb, org.springframework.security.web.savedrequest.RequestCacheAwareFilter@7f958d4a, org.springframework.security.web.servletapi.SecurityContextHolderAwareRequestFilter@1a06b95, org.springframework.security.web.authentication.AnonymousAuthenticationFilter@39451d92, org.springframework.security.web.session.SessionManagementFilter@463a1f47, org.springframework.security.web.access.ExceptionTranslationFilter@33bf2602]
2023-07-02 03:12:07.161  WARN 17968 --- [    Test worker] o.s.s.c.a.web.builders.WebSecurity       : You are asking Spring Security to ignore org.springframework.boot.autoconfigure.security.servlet.PathRequest$H2ConsoleRequestMatcher@7a2ffb0b. This is not recommended -- please use permitAll via HttpSecurity#authorizeHttpRequests instead.
2023-07-02 03:12:07.161  INFO 17968 --- [    Test worker] o.s.s.web.DefaultSecurityFilterChain     : Will not secure org.springframework.boot.autoconfigure.security.servlet.PathRequest$H2ConsoleRequestMatcher@7a2ffb0b
2023-07-02 03:12:07.162  WARN 17968 --- [    Test worker] o.s.s.c.a.web.builders.WebSecurity       : You are asking Spring Security to ignore org.springframework.boot.autoconfigure.security.servlet.StaticResourceRequest$StaticResourceRequestMatcher@659ac28c. This is not recommended -- please use permitAll via HttpSecurity#authorizeHttpRequests instead.
2023-07-02 03:12:07.162  INFO 17968 --- [    Test worker] o.s.s.web.DefaultSecurityFilterChain     : Will not secure org.springframework.boot.autoconfigure.security.servlet.StaticResourceRequest$StaticResourceRequestMatcher@659ac28c
2023-07-02 03:12:08.053  WARN 17968 --- [    Test worker] JpaBaseConfiguration$JpaWebConfiguration : spring.jpa.open-in-view is enabled by default. Therefore, database queries may be performed during view rendering. Explicitly configure spring.jpa.open-in-view to disable this warning
2023-07-02 03:12:10.116  INFO 17968 --- [    Test worker] com.wave.service.MemberServiceTest       : Started MemberServiceTest in 16.702 seconds (JVM running for 26.787)
2023-07-02 03:12:10.226  INFO 17968 --- [    Test worker] o.s.t.c.transaction.TransactionContext   : Began transaction (1) for test context [DefaultTestContext@5fa05212 testClass = MemberServiceTest, testInstance = com.wave.service.MemberServiceTest@7bdaf563, testMethod = saveMemberTest@MemberServiceTest, testException = [null], mergedContextConfiguration = [WebMergedContextConfiguration@3e681bc testClass = MemberServiceTest, locations = '{}', classes = '{class com.wave.Application}', contextInitializerClasses = '[]', activeProfiles = '{}', propertySourceLocations = '{}', propertySourceProperties = '{org.springframework.boot.test.context.SpringBootTestContextBootstrapper=true}', contextCustomizers = set[org.springframework.boot.test.autoconfigure.actuate.metrics.MetricsExportContextCustomizerFactory$DisableMetricExportContextCustomizer@395b56bb, org.springframework.boot.test.autoconfigure.properties.PropertyMappingContextCustomizer@0, org.springframework.boot.test.autoconfigure.web.servlet.WebDriverContextCustomizerFactory$Customizer@1506f20f, org.springframework.boot.test.context.filter.ExcludeFilterContextCustomizer@5286c33a, org.springframework.boot.test.json.DuplicateJsonObjectContextCustomizerFactory$DuplicateJsonObjectContextCustomizer@c5ee75e, org.springframework.boot.test.mock.mockito.MockitoContextCustomizer@0, org.springframework.boot.test.web.client.TestRestTemplateContextCustomizer@42f33b5d, org.springframework.boot.test.context.SpringBootTestArgs@1, org.springframework.boot.test.context.SpringBootTestWebEnvironment@7b84fcf8], resourceBasePath = 'src/main/webapp', contextLoader = 'org.springframework.boot.test.context.SpringBootContextLoader', parent = [null]], attributes = map['org.springframework.test.context.web.ServletTestExecutionListener.activateListener' -> true, 'org.springframework.test.context.web.ServletTestExecutionListener.populatedRequestContextHolder' -> true, 'org.springframework.test.context.web.ServletTestExecutionListener.resetRequestContextHolder' -> true, 'org.springframework.test.context.event.ApplicationEventsTestExecutionListener.recordApplicationEvents' -> false]]; transaction manager [org.springframework.orm.jpa.JpaTransactionManager@3545c913]; rollback [true]
2023-07-02 03:12:11.170 DEBUG 17968 --- [    Test worker] org.hibernate.SQL                        : select member0_.member_id as member_i1_0_, member0_.created_date as created_2_0_, member0_.modified_date as modified3_0_, member0_.email as email4_0_, member0_.name as name5_0_, member0_.password as password6_0_, member0_.role as role7_0_, member0_.user_id as user_id8_0_ from member member0_ where member0_.email=?
2023-07-02 03:12:11.180 TRACE 17968 --- [    Test worker] o.h.type.descriptor.sql.BasicBinder      : binding parameter [1] as [VARCHAR] - [test@email.com]
2023-07-02 03:12:11.230 DEBUG 17968 --- [    Test worker] org.hibernate.SQL                        : call next value for hibernate_sequence
2023-07-02 03:12:11.322  INFO 17968 --- [    Test worker] o.s.t.c.transaction.TransactionContext   : Rolled back transaction for test: [DefaultTestContext@5fa05212 testClass = MemberServiceTest, testInstance = com.wave.service.MemberServiceTest@7bdaf563, testMethod = saveMemberTest@MemberServiceTest, testException = [null], mergedContextConfiguration = [WebMergedContextConfiguration@3e681bc testClass = MemberServiceTest, locations = '{}', classes = '{class com.wave.Application}', contextInitializerClasses = '[]', activeProfiles = '{}', propertySourceLocations = '{}', propertySourceProperties = '{org.springframework.boot.test.context.SpringBootTestContextBootstrapper=true}', contextCustomizers = set[org.springframework.boot.test.autoconfigure.actuate.metrics.MetricsExportContextCustomizerFactory$DisableMetricExportContextCustomizer@395b56bb, org.springframework.boot.test.autoconfigure.properties.PropertyMappingContextCustomizer@0, org.springframework.boot.test.autoconfigure.web.servlet.WebDriverContextCustomizerFactory$Customizer@1506f20f, org.springframework.boot.test.context.filter.ExcludeFilterContextCustomizer@5286c33a, org.springframework.boot.test.json.DuplicateJsonObjectContextCustomizerFactory$DuplicateJsonObjectContextCustomizer@c5ee75e, org.springframework.boot.test.mock.mockito.MockitoContextCustomizer@0, org.springframework.boot.test.web.client.TestRestTemplateContextCustomizer@42f33b5d, org.springframework.boot.test.context.SpringBootTestArgs@1, org.springframework.boot.test.context.SpringBootTestWebEnvironment@7b84fcf8], resourceBasePath = 'src/main/webapp', contextLoader = 'org.springframework.boot.test.context.SpringBootContextLoader', parent = [null]], attributes = map['org.springframework.test.context.web.ServletTestExecutionListener.activateListener' -> true, 'org.springframework.test.context.web.ServletTestExecutionListener.populatedRequestContextHolder' -> true, 'org.springframework.test.context.web.ServletTestExecutionListener.resetRequestContextHolder' -> true, 'org.springframework.test.context.event.ApplicationEventsTestExecutionListener.recordApplicationEvents' -> false]]
2023-07-02 03:12:11.329  INFO 17968 --- [    Test worker] o.s.t.c.transaction.TransactionContext   : Began transaction (1) for test context [DefaultTestContext@5fa05212 testClass = MemberServiceTest, testInstance = com.wave.service.MemberServiceTest@381c826c, testMethod = saveDuplicateMemberTest@MemberServiceTest, testException = [null], mergedContextConfiguration = [WebMergedContextConfiguration@3e681bc testClass = MemberServiceTest, locations = '{}', classes = '{class com.wave.Application}', contextInitializerClasses = '[]', activeProfiles = '{}', propertySourceLocations = '{}', propertySourceProperties = '{org.springframework.boot.test.context.SpringBootTestContextBootstrapper=true}', contextCustomizers = set[org.springframework.boot.test.autoconfigure.actuate.metrics.MetricsExportContextCustomizerFactory$DisableMetricExportContextCustomizer@395b56bb, org.springframework.boot.test.autoconfigure.properties.PropertyMappingContextCustomizer@0, org.springframework.boot.test.autoconfigure.web.servlet.WebDriverContextCustomizerFactory$Customizer@1506f20f, org.springframework.boot.test.context.filter.ExcludeFilterContextCustomizer@5286c33a, org.springframework.boot.test.json.DuplicateJsonObjectContextCustomizerFactory$DuplicateJsonObjectContextCustomizer@c5ee75e, org.springframework.boot.test.mock.mockito.MockitoContextCustomizer@0, org.springframework.boot.test.web.client.TestRestTemplateContextCustomizer@42f33b5d, org.springframework.boot.test.context.SpringBootTestArgs@1, org.springframework.boot.test.context.SpringBootTestWebEnvironment@7b84fcf8], resourceBasePath = 'src/main/webapp', contextLoader = 'org.springframework.boot.test.context.SpringBootContextLoader', parent = [null]], attributes = map['org.springframework.test.context.web.ServletTestExecutionListener.activateListener' -> true, 'org.springframework.test.context.web.ServletTestExecutionListener.populatedRequestContextHolder' -> true, 'org.springframework.test.context.web.ServletTestExecutionListener.resetRequestContextHolder' -> true, 'org.springframework.test.context.event.ApplicationEventsTestExecutionListener.recordApplicationEvents' -> false]]; transaction manager [org.springframework.orm.jpa.JpaTransactionManager@3545c913]; rollback [true]
2023-07-02 03:12:11.874 DEBUG 17968 --- [    Test worker] org.hibernate.SQL                        : select member0_.member_id as member_i1_0_, member0_.created_date as created_2_0_, member0_.modified_date as modified3_0_, member0_.email as email4_0_, member0_.name as name5_0_, member0_.password as password6_0_, member0_.role as role7_0_, member0_.user_id as user_id8_0_ from member member0_ where member0_.email=?
2023-07-02 03:12:11.882 TRACE 17968 --- [    Test worker] o.h.type.descriptor.sql.BasicBinder      : binding parameter [1] as [VARCHAR] - [test@email.com]
2023-07-02 03:12:11.886 DEBUG 17968 --- [    Test worker] org.hibernate.SQL                        : call next value for hibernate_sequence
2023-07-02 03:12:11.964 DEBUG 17968 --- [    Test worker] org.hibernate.SQL                        : insert into member (created_date, modified_date, email, name, password, role, user_id, member_id) values (?, ?, ?, ?, ?, ?, ?, ?)
2023-07-02 03:12:11.967 TRACE 17968 --- [    Test worker] o.h.type.descriptor.sql.BasicBinder      : binding parameter [1] as [TIMESTAMP] - [null]
2023-07-02 03:12:11.968 TRACE 17968 --- [    Test worker] o.h.type.descriptor.sql.BasicBinder      : binding parameter [2] as [TIMESTAMP] - [null]
2023-07-02 03:12:11.968 TRACE 17968 --- [    Test worker] o.h.type.descriptor.sql.BasicBinder      : binding parameter [3] as [VARCHAR] - [test@email.com]
2023-07-02 03:12:11.976 TRACE 17968 --- [    Test worker] o.h.type.descriptor.sql.BasicBinder      : binding parameter [4] as [VARCHAR] - [테스트]
2023-07-02 03:12:11.977 TRACE 17968 --- [    Test worker] o.h.type.descriptor.sql.BasicBinder      : binding parameter [5] as [VARCHAR] - [$2a$10$HKrNKbl98OlCa5BsuODeEej2mEsXHj/5eo9ivd9FFrGusicCzh/zO]
2023-07-02 03:12:11.978 TRACE 17968 --- [    Test worker] o.h.type.descriptor.sql.BasicBinder      : binding parameter [6] as [VARCHAR] - [USER]
2023-07-02 03:12:11.980 TRACE 17968 --- [    Test worker] o.h.type.descriptor.sql.BasicBinder      : binding parameter [7] as [VARCHAR] - [null]
2023-07-02 03:12:11.984 TRACE 17968 --- [    Test worker] o.h.type.descriptor.sql.BasicBinder      : binding parameter [8] as [BIGINT] - [2]
2023-07-02 03:12:11.993 DEBUG 17968 --- [    Test worker] org.hibernate.SQL                        : select member0_.member_id as member_i1_0_, member0_.created_date as created_2_0_, member0_.modified_date as modified3_0_, member0_.email as email4_0_, member0_.name as name5_0_, member0_.password as password6_0_, member0_.role as role7_0_, member0_.user_id as user_id8_0_ from member member0_ where member0_.email=?
2023-07-02 03:12:11.994 TRACE 17968 --- [    Test worker] o.h.type.descriptor.sql.BasicBinder      : binding parameter [1] as [VARCHAR] - [test@email.com]
2023-07-02 03:12:11.996 TRACE 17968 --- [    Test worker] o.h.type.descriptor.sql.BasicExtractor   : extracted value ([member_i1_0_] : [BIGINT]) - [2]
2023-07-02 03:12:12.008  INFO 17968 --- [    Test worker] o.s.t.c.transaction.TransactionContext   : Rolled back transaction for test: [DefaultTestContext@5fa05212 testClass = MemberServiceTest, testInstance = com.wave.service.MemberServiceTest@381c826c, testMethod = saveDuplicateMemberTest@MemberServiceTest, testException = [null], mergedContextConfiguration = [WebMergedContextConfiguration@3e681bc testClass = MemberServiceTest, locations = '{}', classes = '{class com.wave.Application}', contextInitializerClasses = '[]', activeProfiles = '{}', propertySourceLocations = '{}', propertySourceProperties = '{org.springframework.boot.test.context.SpringBootTestContextBootstrapper=true}', contextCustomizers = set[org.springframework.boot.test.autoconfigure.actuate.metrics.MetricsExportContextCustomizerFactory$DisableMetricExportContextCustomizer@395b56bb, org.springframework.boot.test.autoconfigure.properties.PropertyMappingContextCustomizer@0, org.springframework.boot.test.autoconfigure.web.servlet.WebDriverContextCustomizerFactory$Customizer@1506f20f, org.springframework.boot.test.context.filter.ExcludeFilterContextCustomizer@5286c33a, org.springframework.boot.test.json.DuplicateJsonObjectContextCustomizerFactory$DuplicateJsonObjectContextCustomizer@c5ee75e, org.springframework.boot.test.mock.mockito.MockitoContextCustomizer@0, org.springframework.boot.test.web.client.TestRestTemplateContextCustomizer@42f33b5d, org.springframework.boot.test.context.SpringBootTestArgs@1, org.springframework.boot.test.context.SpringBootTestWebEnvironment@7b84fcf8], resourceBasePath = 'src/main/webapp', contextLoader = 'org.springframework.boot.test.context.SpringBootContextLoader', parent = [null]], attributes = map['org.springframework.test.context.web.ServletTestExecutionListener.activateListener' -> true, 'org.springframework.test.context.web.ServletTestExecutionListener.populatedRequestContextHolder' -> true, 'org.springframework.test.context.web.ServletTestExecutionListener.resetRequestContextHolder' -> true, 'org.springframework.test.context.event.ApplicationEventsTestExecutionListener.recordApplicationEvents' -> false]]
]]></system-out>
  <system-err><![CDATA[]]></system-err>
</testsuite>
